save ]sources[ Format: <Author>, <Title>, <?Editor?>, URL = <URL>[ https://plato.stanford.edu/cite.html
     -] Malpas, J., “Donald Davidson”, The Stanford Encyclopedia of Philosophy (Winter 2012 Edition), Edward N. Zalta (ed.), URL = <https://plato.stanford.edu/archives/win2012/entries/davidson/>. 
     0] URL: https://plato.stanford.edu/archives/win2012/entries/davidson/
     0] XMLNS: http://www.w3.org/1999/xhtml
     0] OBJECTS: Title|T, Citation_Title|CT, Citation_Author|CA, Citation_Publication_Date|CPD 
     +] T: Donald Davidson (Stanford Encyclopedia of Philospophy/Winter 2012 Edition)
     +] CT: Donald Davidson
     +] CA: Malpas, Jeff
     +] CPD: 1996.05.29
ͽ[ https://plato.stanford.edu/
ͽ[ https://plato.stanford.edu/cite.html
ͽ[ http://mally.stanford.edu/zalta.html
ͽ[ http://mally.stanford.edu/publications.html
ͽ[ https://plato.stanford.edu/entries/russell/
ͽ] https://plato.stanford.edu/rss/sep.xml  
ͽ] https://plato.stanford.edu/search/r?entry=/entries/russell/&page=1&total_hits=1261&pagesize=10&archive=None&rank=0&query=Bertrand%20Russell%27s%20essay%20%22On%20Denoting%22
ͽ] https://plato.stanford.edu/search/r?entry=/entries/teleological-arguments/&page=1&total_hits=2&pagesize=10&archive=None&rank=1&query=chesterton
ͽ] https://plato.stanford.edu/search/r?entry=/entries/conservatism/&page=1&total_hits=2&pagesize=10&archive=None&rank=0&query=chesterton
ͽ] https://plato.stanford.edu/search/r?entry=/entries/experimental-philosophy/&page=1&total_hits=1978&pagesize=10&archive=None&rank=2&query=philosophy
ͽ] https://plato.stanford.edu/search/searcher.py?query=Bertrand+Russell%27s+essay+%22On+Denoting%22
ͽ] https://plato.stanford.edu/search/searcher.py?query=chesterton
ͽ] https://plato.stanford.edu/entries/teleological-arguments/
ͽ] https://plato.stanford.edu/entries/conservatism/
ͽ] https://plato.stanford.edu/entries/philosophy
ͽ] https://plato.stanford.edu/entries/intuition/
ͽ] https://plato.stanford.edu/cgi-bin/encyclopedia/archinfo.cgi?entry=intuition
